<?xml version="1.0" encoding="UTF-8"?>
<!-- Generated by org.testng.reporters.JUnitReportReporter -->
<testsuite skipped="0" hostname="DESKTOP-VCUME9E" name="com.training.sanity.tests.RTTC57_Add_ProductTest" tests="1" failures="0" timestamp="20 Mar 2019 06:41:23 GMT" time="22.654" errors="0">
  <testcase name="validLoginTest" time="22.654" classname="com.training.sanity.tests.RTTC57_Add_ProductTest"/>
</testsuite> <!-- com.training.sanity.tests.RTTC57_Add_ProductTest -->
