<?xml version="1.0" encoding="UTF-8"?>
<!-- Generated by org.testng.reporters.JUnitReportReporter -->
<testsuite skipped="0" hostname="DESKTOP-VCUME9E" name="com.training.sanity.tests.RTTC58_DiscountTo_ProductTest" tests="1" failures="0" timestamp="18 Mar 2019 07:11:43 GMT" time="15.678" errors="0">
  <testcase name="validLoginTest" time="15.678" classname="com.training.sanity.tests.RTTC58_DiscountTo_ProductTest"/>
</testsuite> <!-- com.training.sanity.tests.RTTC58_DiscountTo_ProductTest -->
