<?xml version="1.0" encoding="UTF-8"?>
<!-- Generated by org.testng.reporters.JUnitReportReporter -->
<testsuite skipped="0" hostname="DESKTOP-VCUME9E" name="com.training.sanity.tests.RTTC28_Customer_Activity_Test" tests="5" failures="0" timestamp="12 Mar 2019 09:46:16 GMT" time="34.785" errors="0">
  <testcase name="setUpBeforeClass" time="0.017" classname="com.training.sanity.tests.RTTC28_Customer_Activity_Test"/>
  <testcase name="setUp" time="21.238" classname="com.training.sanity.tests.RTTC28_Customer_Activity_Test"/>
  <testcase name="validLoginTest" time="10.704" classname="com.training.sanity.tests.RTTC28_Customer_Activity_Test"/>
  <testcase name="LogoutTest" time="1.065" classname="com.training.sanity.tests.RTTC28_Customer_Activity_Test"/>
  <testcase name="tearDown" time="1.761" classname="com.training.sanity.tests.RTTC28_Customer_Activity_Test"/>
</testsuite> <!-- com.training.sanity.tests.RTTC28_Customer_Activity_Test -->
