<?xml version="1.0" encoding="UTF-8"?>
<!-- Generated by org.testng.reporters.JUnitReportReporter -->
<testsuite skipped="0" hostname="DESKTOP-VCUME9E" name="com.training.sanity.tests.RTTC27_Customer_Online_Test" tests="5" failures="0" timestamp="12 Mar 2019 09:53:13 GMT" time="32.068" errors="0">
  <testcase name="setUpBeforeClass" time="0.012" classname="com.training.sanity.tests.RTTC27_Customer_Online_Test"/>
  <testcase name="setUp" time="17.931" classname="com.training.sanity.tests.RTTC27_Customer_Online_Test"/>
  <testcase name="validLoginTest" time="9.656" classname="com.training.sanity.tests.RTTC27_Customer_Online_Test"/>
  <testcase name="LogoutTest" time="2.722" classname="com.training.sanity.tests.RTTC27_Customer_Online_Test"/>
  <testcase name="tearDown" time="1.747" classname="com.training.sanity.tests.RTTC27_Customer_Online_Test"/>
</testsuite> <!-- com.training.sanity.tests.RTTC27_Customer_Online_Test -->
