<?xml version="1.0" encoding="UTF-8"?>
<!-- Generated by org.testng.reporters.JUnitReportReporter -->
<testsuite skipped="0" hostname="DESKTOP-VCUME9E" name="com.training.sanity.tests.TC30_User_LogoutTests" tests="1" failures="0" timestamp="12 Mar 2019 09:42:16 GMT" time="106.390" errors="0">
  <testcase name="validLoginTest" time="106.390" classname="com.training.sanity.tests.TC30_User_LogoutTests"/>
</testsuite> <!-- com.training.sanity.tests.TC30_User_LogoutTests -->
