<?xml version="1.0" encoding="UTF-8"?>
<!-- Generated by org.testng.reporters.JUnitReportReporter -->
<testsuite skipped="0" hostname="DESKTOP-VCUME9E" name="com.training.sanity.tests.Customer_Activity_Test" tests="5" failures="0" timestamp="11 Mar 2019 06:03:25 GMT" time="27.427" errors="0">
  <testcase name="setUpBeforeClass" time="0.007" classname="com.training.sanity.tests.Customer_Activity_Test"/>
  <testcase name="setUp" time="13.578" classname="com.training.sanity.tests.Customer_Activity_Test"/>
  <testcase name="validLoginTest" time="10.367" classname="com.training.sanity.tests.Customer_Activity_Test"/>
  <testcase name="LogoutTest" time="1.628" classname="com.training.sanity.tests.Customer_Activity_Test"/>
  <testcase name="tearDown" time="1.847" classname="com.training.sanity.tests.Customer_Activity_Test"/>
</testsuite> <!-- com.training.sanity.tests.Customer_Activity_Test -->
