<?xml version="1.0" encoding="UTF-8"?>
<!-- Generated by org.testng.reporters.JUnitReportReporter -->
<testsuite skipped="0" hostname="DESKTOP-VCUME9E" name="com.training.sanity.tests.RTTC26_Prod_Purchased_Test" tests="1" failures="0" timestamp="12 Mar 2019 09:44:39 GMT" time="42.395" errors="0">
  <testcase name="validLoginTest" time="42.395" classname="com.training.sanity.tests.RTTC26_Prod_Purchased_Test"/>
</testsuite> <!-- com.training.sanity.tests.RTTC26_Prod_Purchased_Test -->
