<?xml version="1.0" encoding="UTF-8"?>
<!-- Generated by org.testng.reporters.JUnitReportReporter -->
<testsuite skipped="1" hostname="DESKTOP-VCUME9E" name="com.training.sanity.tests.Testing" tests="5" failures="0" timestamp="07 Mar 2019 08:36:05 GMT" time="52.869" errors="0">
  <testcase name="setUpBeforeClass" time="0.015" classname="com.training.sanity.tests.Testing"/>
  <testcase name="setUp" time="31.582" classname="com.training.sanity.tests.Testing"/>
  <testcase name="validLoginTest" time="19.487" classname="com.training.sanity.tests.Testing"/>
  <testcase name="tearDown" time="1.785" classname="com.training.sanity.tests.Testing"/>
  <testcase name="validLogoutTest" classname="com.training.sanity.tests.Testing">
    <skipped/>
  </testcase> <!-- validLogoutTest -->
</testsuite> <!-- com.training.sanity.tests.Testing -->
