<?xml version="1.0" encoding="UTF-8"?>
<!-- Generated by org.testng.reporters.JUnitReportReporter -->
<testsuite skipped="0" hostname="DESKTOP-VCUME9E" name="com.training.sanity.tests.LogoutTests" tests="5" failures="0" timestamp="11 Mar 2019 08:16:45 GMT" time="21.430" errors="0">
  <testcase name="setUpBeforeClass" time="0.013" classname="com.training.sanity.tests.LogoutTests"/>
  <testcase name="setUp" time="12.817" classname="com.training.sanity.tests.LogoutTests"/>
  <testcase name="validLoginTest" time="5.375" classname="com.training.sanity.tests.LogoutTests"/>
  <testcase name="LogoutTest" time="1.447" classname="com.training.sanity.tests.LogoutTests"/>
  <testcase name="tearDown" time="1.778" classname="com.training.sanity.tests.LogoutTests"/>
</testsuite> <!-- com.training.sanity.tests.LogoutTests -->
