<?xml version="1.0" encoding="UTF-8"?>
<!-- Generated by org.testng.reporters.JUnitReportReporter -->
<testsuite skipped="0" hostname="DESKTOP-VCUME9E" name="com.training.sanity.tests.LoginTests" tests="1" failures="0" timestamp="06 Mar 2019 13:43:13 GMT" time="12.813" errors="0">
  <testcase name="validLoginTest" time="12.813" classname="com.training.sanity.tests.LoginTests"/>
</testsuite> <!-- com.training.sanity.tests.LoginTests -->
