<?xml version="1.0" encoding="UTF-8"?>
<!-- Generated by org.testng.reporters.JUnitReportReporter -->
<testsuite skipped="0" hostname="DESKTOP-VCUME9E" name="com.training.sanity.tests.RTTC56_Add_DiscountTest2" tests="1" failures="0" timestamp="20 Mar 2019 13:26:20 GMT" time="27.778" errors="0">
  <testcase name="validLoginTest" time="27.778" classname="com.training.sanity.tests.RTTC56_Add_DiscountTest2"/>
</testsuite> <!-- com.training.sanity.tests.RTTC56_Add_DiscountTest2 -->
