<?xml version="1.0" encoding="UTF-8"?>
<!-- Generated by org.testng.reporters.JUnitReportReporter -->
<testsuite skipped="0" hostname="DESKTOP-VCUME9E" name="com.training.sanity.tests.User_LogoutTests" tests="1" failures="0" timestamp="11 Mar 2019 07:56:02 GMT" time="51.781" errors="0">
  <testcase name="validLoginTest" time="51.781" classname="com.training.sanity.tests.User_LogoutTests"/>
</testsuite> <!-- com.training.sanity.tests.User_LogoutTests -->
