<?xml version="1.0" encoding="UTF-8"?>
<!-- Generated by org.testng.reporters.JUnitReportReporter -->
<testsuite skipped="0" hostname="DESKTOP-VCUME9E" name="com.training.sanity.tests.RTTC29_LogoutTests" tests="5" failures="0" timestamp="12 Mar 2019 09:46:55 GMT" time="28.290" errors="0">
  <testcase name="setUpBeforeClass" time="0.018" classname="com.training.sanity.tests.RTTC29_LogoutTests"/>
  <testcase name="setUp" time="16.802" classname="com.training.sanity.tests.RTTC29_LogoutTests"/>
  <testcase name="validLoginTest" time="8.346" classname="com.training.sanity.tests.RTTC29_LogoutTests"/>
  <testcase name="LogoutTest" time="1.400" classname="com.training.sanity.tests.RTTC29_LogoutTests"/>
  <testcase name="tearDown" time="1.724" classname="com.training.sanity.tests.RTTC29_LogoutTests"/>
</testsuite> <!-- com.training.sanity.tests.RTTC29_LogoutTests -->
