<?xml version="1.0" encoding="UTF-8"?>
<!-- Generated by org.testng.reporters.JUnitReportReporter -->
<testsuite skipped="0" hostname="DESKTOP-VCUME9E" name="com.training.regression.tests.LoginDBTest" tests="2" failures="0" timestamp="01 Apr 2019 16:57:16 GMT" time="22.139" errors="0">
  <testcase name="loginDBTest" time="9.420" classname="com.training.regression.tests.LoginDBTest"/>
  <testcase name="loginDBTest" time="12.719" classname="com.training.regression.tests.LoginDBTest"/>
</testsuite> <!-- com.training.regression.tests.LoginDBTest -->
