<?xml version="1.0" encoding="UTF-8"?>
<!-- Generated by org.testng.reporters.JUnitReportReporter -->
<testsuite skipped="0" hostname="DESKTOP-VCUME9E" name="com.training.sanity.tests.RTTC59_Add_AffiliateTest" tests="1" failures="0" timestamp="19 Mar 2019 07:22:42 GMT" time="19.759" errors="0">
  <testcase name="validLoginTest" time="19.759" classname="com.training.sanity.tests.RTTC59_Add_AffiliateTest"/>
</testsuite> <!-- com.training.sanity.tests.RTTC59_Add_AffiliateTest -->
