<?xml version="1.0" encoding="UTF-8"?>
<!-- Generated by org.testng.reporters.JUnitReportReporter -->
<testsuite skipped="0" hostname="DESKTOP-VCUME9E" name="com.training.sanity.tests.Prod_Purchased_Test" tests="1" failures="0" timestamp="10 Mar 2019 18:11:20 GMT" time="16.436" errors="0">
  <testcase name="validLoginTest" time="16.436" classname="com.training.sanity.tests.Prod_Purchased_Test"/>
</testsuite> <!-- com.training.sanity.tests.Prod_Purchased_Test -->
