<?xml version="1.0" encoding="UTF-8"?>
<!-- Generated by org.testng.reporters.JUnitReportReporter -->
<testsuite skipped="0" hostname="DESKTOP-VCUME9E" name="com.training.sanity.tests.RTTC60_Send_mailTest" tests="1" failures="0" timestamp="18 Mar 2019 08:42:06 GMT" time="39.015" errors="0">
  <testcase name="validLoginTest" time="39.015" classname="com.training.sanity.tests.RTTC60_Send_mailTest"/>
</testsuite> <!-- com.training.sanity.tests.RTTC60_Send_mailTest -->
